-------------------------------------------------------------------------------
Test set: tn.esprit.spring.EspritPiDev4Sae4ApplicationTests
-------------------------------------------------------------------------------
Tests run: 1, Failures: 0, Errors: 1, Skipped: 0, Time elapsed: 2.63 s <<< FAILURE! - in tn.esprit.spring.EspritPiDev4Sae4ApplicationTests
contextLoads  Time elapsed: 0.006 s  <<< ERROR!
java.lang.IllegalStateException: Failed to load ApplicationContext
Caused by: org.springframework.beans.factory.BeanCreationException: Error creating bean with name 'entityManagerFactory' defined in class path resource [org/springframework/boot/autoconfigure/orm/jpa/HibernateJpaConfiguration.class]: Invocation of init method failed; nested exception is java.lang.ClassCastException: class org.hibernate.mapping.SingleTableSubclass cannot be cast to class org.hibernate.mapping.RootClass (org.hibernate.mapping.SingleTableSubclass and org.hibernate.mapping.RootClass are in unnamed module of loader 'app')
Caused by: java.lang.ClassCastException: class org.hibernate.mapping.SingleTableSubclass cannot be cast to class org.hibernate.mapping.RootClass (org.hibernate.mapping.SingleTableSubclass and org.hibernate.mapping.RootClass are in unnamed module of loader 'app')

